Flutter crash report.
Please report a bug at https://github.com/flutter/flutter/issues.

## command

flutter run -d macos

## exception

RPCError: _createDevFS: (-32603) Internal error
_createDevFS: Unexpected exception:PathNotFoundException: Creation of temporary directory failed, path = '/Users/dfsteve/Library/Containers/com.aimessoft.nipaplay/Data/tmp' (OS Error: No such file or directory, errno = 2)
#0      _checkForErrorResponse (dart:io/common.dart:58:9)
#1      _Directory.createTemp.<anonymous closure> (dart:io/directory_impl.dart:173:7)
<asynchronous suspension>
#2      createTempDirCallback (dart:vmservice_io:121:16)
<asynchronous suspension>
#3      DevFS._createDevFS (dart:_vmservice/devfs.dart:197:21)
<asynchronous suspension>
#4      VMService._routeRequestImpl (dart:_vmservice:842:16)
<asynchronous suspension>
#5      VMService.routeRequest (dart:_vmservice:805:22)
<asynchronous suspension>
#6      WebSocketClient.post (dart:vmservice_io/vmservice_server.dart:64:3)
<asynchronous suspension>


```
#0      new _OutstandingRequest (package:vm_service/src/vm_service.dart:265:34)
#1      VmService._call.<anonymous closure> (package:vm_service/src/vm_service.dart:1921:25)
#2      VmService._call (package:vm_service/src/vm_service.dart:1933:8)
#3      VmService.callServiceExtension (package:vm_service/src/vm_service.dart:1872:14)
#4      FlutterVmService.createDevFS (package:flutter_tools/src/vmservice.dart:1009:20)
#5      DevFS.create (package:flutter_tools/src/devfs.dart:508:61)
#6      FlutterDevice.setupDevFS (package:flutter_tools/src/resident_runner.dart:403:19)
#7      HotRunner._initDevFS (package:flutter_tools/src/run_hot.dart:487:23)
#8      HotRunner._attach (package:flutter_tools/src/run_hot.dart:289:41)
<asynchronous suspension>
#9      RunCommand.runCommand (package:flutter_tools/src/commands/run.dart:925:27)
<asynchronous suspension>
#10     FlutterCommand.run.<anonymous closure> (package:flutter_tools/src/runner/flutter_command.dart:1558:27)
<asynchronous suspension>
#11     AppContext.run.<anonymous closure> (package:flutter_tools/src/base/context.dart:154:19)
<asynchronous suspension>
#12     CommandRunner.runCommand (package:args/command_runner.dart:212:13)
<asynchronous suspension>
#13     FlutterCommandRunner.runCommand.<anonymous closure> (package:flutter_tools/src/runner/flutter_command_runner.dart:496:9)
<asynchronous suspension>
#14     AppContext.run.<anonymous closure> (package:flutter_tools/src/base/context.dart:154:19)
<asynchronous suspension>
#15     FlutterCommandRunner.runCommand (package:flutter_tools/src/runner/flutter_command_runner.dart:431:5)
<asynchronous suspension>
#16     run.<anonymous closure>.<anonymous closure> (package:flutter_tools/runner.dart:98:11)
<asynchronous suspension>
#17     AppContext.run.<anonymous closure> (package:flutter_tools/src/base/context.dart:154:19)
<asynchronous suspension>
#18     main (package:flutter_tools/executable.dart:99:3)
<asynchronous suspension>
```

## flutter doctor

```
[32m[✓][39m Flutter (Channel stable, 3.29.3, on macOS 15.4 24E248 darwin-arm64, locale zh-Hans-CN) [186ms]
    [32m•[39m Flutter version 3.29.3 on channel stable at /Library/Afolder/FlutterProject/flutter
    [32m•[39m Upstream repository https://github.com/flutter/flutter.git
    [32m•[39m Framework revision ea121f8859 (4 days ago), 2025-04-11 19:10:07 +0000
    [32m•[39m Engine revision cf56914b32
    [32m•[39m Dart version 3.7.2
    [32m•[39m DevTools version 2.42.3

[32m[✓][39m Android toolchain - develop for Android devices (Android SDK version 35.0.1) [1,827ms]
    [32m•[39m Android SDK at /Users/dfsteve/Library/Android/sdk
    [32m•[39m Platform android-35, build-tools 35.0.1
    [32m•[39m Java binary at: /Applications/Android Studio.app/Contents/jbr/Contents/Home/bin/java
      This is the JDK bundled with the latest Android Studio installation on this machine.
      To manually set the JDK path, use: `flutter config --jdk-dir="path/to/jdk"`.
    [32m•[39m Java version OpenJDK Runtime Environment (build 21.0.5+-12932927-b750.29)
    [32m•[39m All Android licenses accepted.

[32m[✓][39m Xcode - develop for iOS and macOS (Xcode 16.3) [508ms]
    [32m•[39m Xcode at /Applications/Xcode.app/Contents/Developer
    [32m•[39m Build 16E140
    [32m•[39m CocoaPods version 1.16.2

[32m[✓][39m Chrome - develop for the web [3ms]
    [32m•[39m Chrome at /Applications/Google Chrome.app/Contents/MacOS/Google Chrome

[32m[✓][39m Android Studio (version 2024.3) [3ms]
    [32m•[39m Android Studio at /Applications/Android Studio.app/Contents
    [32m•[39m Flutter plugin can be installed from:
      🔨 https://plugins.jetbrains.com/plugin/9212-flutter
    [32m•[39m Dart plugin can be installed from:
      🔨 https://plugins.jetbrains.com/plugin/6351-dart
    [32m•[39m Java version OpenJDK Runtime Environment (build 21.0.5+-12932927-b750.29)

[32m[✓][39m VS Code (version 1.99.2) [2ms]
    [32m•[39m VS Code at /Applications/Visual Studio Code.app/Contents
    [32m•[39m Flutter extension version 3.108.0

[32m[✓][39m Proxy Configuration [21ms]
    [32m•[39m HTTP_PROXY is set
    [32m•[39m NO_PROXY is localhost,127.0.0.1,::1
    [32m•[39m NO_PROXY contains localhost
    [32m•[39m NO_PROXY contains 127.0.0.1
    [32m•[39m NO_PROXY contains ::1

[32m[✓][39m Connected device (3 available) [10.2s]
    [32m•[39m macOS (desktop)                 • macos                 • darwin-arm64   • macOS 15.4 24E248 darwin-arm64
    [32m•[39m Mac Designed for iPad (desktop) • mac-designed-for-ipad • darwin         • macOS 15.4 24E248 darwin-arm64
    [32m•[39m Chrome (web)                    • chrome                • web-javascript • Google Chrome 135.0.7049.86
    [33m![39m Error: Browsing on the local area network for irigaSno iPhone. Ensure the device is unlocked and attached with a
      cable or associated with the same local area network as this Mac.
      The device must be opted into Developer Mode to connect wirelessly. (code -27)

[32m[✓][39m Network resources [2.3s]
    [32m•[39m All expected network resources are available.

[32m•[39m No issues found!
```
